Analysis & Synthesis report for cpu
Sun Dec 27 19:23:18 2020
Quartus II 64-Bit Version 13.1.0 Build 162 10/23/2013 SJ Web Edition


---------------------
; Table of Contents ;
---------------------
  1. Legal Notice
  2. Analysis & Synthesis Summary
  3. Analysis & Synthesis Settings
  4. Parallel Compilation
  5. Analysis & Synthesis Source Files Read
  6. Analysis & Synthesis Resource Usage Summary
  7. Analysis & Synthesis Resource Utilization by Entity
  8. General Register Statistics
  9. Port Connectivity Checks: "ALU:ialu"
 10. Port Connectivity Checks: "decoder:idec"
 11. Port Connectivity Checks: "memory:imem"
 12. Elapsed Time Per Partition
 13. Analysis & Synthesis Messages
 14. Analysis & Synthesis Suppressed Messages



----------------
; Legal Notice ;
----------------
Copyright (C) 1991-2013 Altera Corporation
Your use of Altera Corporation's design tools, logic functions 
and other software and tools, and its AMPP partner logic 
functions, and any output files from any of the foregoing 
(including device programming or simulation files), and any 
associated documentation or information are expressly subject 
to the terms and conditions of the Altera Program License 
Subscription Agreement, Altera MegaCore Function License 
Agreement, or other applicable license agreement, including, 
without limitation, that your use is for the sole purpose of 
programming logic devices manufactured by Altera and sold by 
Altera or its authorized distributors.  Please refer to the 
applicable agreement for further details.



+---------------------------------------------------------------------------------+
; Analysis & Synthesis Summary                                                    ;
+------------------------------------+--------------------------------------------+
; Analysis & Synthesis Status        ; Successful - Sun Dec 27 19:23:18 2020      ;
; Quartus II 64-Bit Version          ; 13.1.0 Build 162 10/23/2013 SJ Web Edition ;
; Revision Name                      ; cpu                                        ;
; Top-level Entity Name              ; cpu                                        ;
; Family                             ; Cyclone IV GX                              ;
; Total logic elements               ; 0                                          ;
;     Total combinational functions  ; 0                                          ;
;     Dedicated logic registers      ; 0                                          ;
; Total registers                    ; 0                                          ;
; Total pins                         ; 2                                          ;
; Total virtual pins                 ; 0                                          ;
; Total memory bits                  ; 0                                          ;
; Embedded Multiplier 9-bit elements ; 0                                          ;
; Total GXB Receiver Channel PCS     ; 0                                          ;
; Total GXB Receiver Channel PMA     ; 0                                          ;
; Total GXB Transmitter Channel PCS  ; 0                                          ;
; Total GXB Transmitter Channel PMA  ; 0                                          ;
; Total PLLs                         ; 0                                          ;
+------------------------------------+--------------------------------------------+


+----------------------------------------------------------------------------------------------------------------------+
; Analysis & Synthesis Settings                                                                                        ;
+----------------------------------------------------------------------------+--------------------+--------------------+
; Option                                                                     ; Setting            ; Default Value      ;
+----------------------------------------------------------------------------+--------------------+--------------------+
; Top-level entity name                                                      ; cpu                ; cpu                ;
; Family name                                                                ; Cyclone IV GX      ; Cyclone IV GX      ;
; Use smart compilation                                                      ; Off                ; Off                ;
; Enable parallel Assembler and TimeQuest Timing Analyzer during compilation ; On                 ; On                 ;
; Enable compact report table                                                ; Off                ; Off                ;
; Restructure Multiplexers                                                   ; Auto               ; Auto               ;
; Create Debugging Nodes for IP Cores                                        ; Off                ; Off                ;
; Preserve fewer node names                                                  ; On                 ; On                 ;
; Disable OpenCore Plus hardware evaluation                                  ; Off                ; Off                ;
; Verilog Version                                                            ; Verilog_2001       ; Verilog_2001       ;
; VHDL Version                                                               ; VHDL_1993          ; VHDL_1993          ;
; State Machine Processing                                                   ; Auto               ; Auto               ;
; Safe State Machine                                                         ; Off                ; Off                ;
; Extract Verilog State Machines                                             ; On                 ; On                 ;
; Extract VHDL State Machines                                                ; On                 ; On                 ;
; Ignore Verilog initial constructs                                          ; Off                ; Off                ;
; Iteration limit for constant Verilog loops                                 ; 5000               ; 5000               ;
; Iteration limit for non-constant Verilog loops                             ; 250                ; 250                ;
; Add Pass-Through Logic to Inferred RAMs                                    ; On                 ; On                 ;
; Infer RAMs from Raw Logic                                                  ; On                 ; On                 ;
; Parallel Synthesis                                                         ; On                 ; On                 ;
; DSP Block Balancing                                                        ; Auto               ; Auto               ;
; NOT Gate Push-Back                                                         ; On                 ; On                 ;
; Power-Up Don't Care                                                        ; On                 ; On                 ;
; Remove Redundant Logic Cells                                               ; Off                ; Off                ;
; Remove Duplicate Registers                                                 ; On                 ; On                 ;
; Ignore CARRY Buffers                                                       ; Off                ; Off                ;
; Ignore CASCADE Buffers                                                     ; Off                ; Off                ;
; Ignore GLOBAL Buffers                                                      ; Off                ; Off                ;
; Ignore ROW GLOBAL Buffers                                                  ; Off                ; Off                ;
; Ignore LCELL Buffers                                                       ; Off                ; Off                ;
; Ignore SOFT Buffers                                                        ; On                 ; On                 ;
; Limit AHDL Integers to 32 Bits                                             ; Off                ; Off                ;
; Optimization Technique                                                     ; Balanced           ; Balanced           ;
; Carry Chain Length                                                         ; 70                 ; 70                 ;
; Auto Carry Chains                                                          ; On                 ; On                 ;
; Auto Open-Drain Pins                                                       ; On                 ; On                 ;
; Perform WYSIWYG Primitive Resynthesis                                      ; Off                ; Off                ;
; Auto ROM Replacement                                                       ; On                 ; On                 ;
; Auto RAM Replacement                                                       ; On                 ; On                 ;
; Auto DSP Block Replacement                                                 ; On                 ; On                 ;
; Auto Shift Register Replacement                                            ; Auto               ; Auto               ;
; Allow Shift Register Merging across Hierarchies                            ; Auto               ; Auto               ;
; Auto Clock Enable Replacement                                              ; On                 ; On                 ;
; Strict RAM Replacement                                                     ; Off                ; Off                ;
; Allow Synchronous Control Signals                                          ; On                 ; On                 ;
; Force Use of Synchronous Clear Signals                                     ; Off                ; Off                ;
; Auto RAM Block Balancing                                                   ; On                 ; On                 ;
; Auto RAM to Logic Cell Conversion                                          ; Off                ; Off                ;
; Auto Resource Sharing                                                      ; Off                ; Off                ;
; Allow Any RAM Size For Recognition                                         ; Off                ; Off                ;
; Allow Any ROM Size For Recognition                                         ; Off                ; Off                ;
; Allow Any Shift Register Size For Recognition                              ; Off                ; Off                ;
; Use LogicLock Constraints during Resource Balancing                        ; On                 ; On                 ;
; Ignore translate_off and synthesis_off directives                          ; Off                ; Off                ;
; Timing-Driven Synthesis                                                    ; On                 ; On                 ;
; Report Parameter Settings                                                  ; On                 ; On                 ;
; Report Source Assignments                                                  ; On                 ; On                 ;
; Report Connectivity Checks                                                 ; On                 ; On                 ;
; Ignore Maximum Fan-Out Assignments                                         ; Off                ; Off                ;
; Synchronization Register Chain Length                                      ; 2                  ; 2                  ;
; PowerPlay Power Optimization                                               ; Normal compilation ; Normal compilation ;
; HDL message level                                                          ; Level2             ; Level2             ;
; Suppress Register Optimization Related Messages                            ; Off                ; Off                ;
; Number of Removed Registers Reported in Synthesis Report                   ; 5000               ; 5000               ;
; Number of Swept Nodes Reported in Synthesis Report                         ; 5000               ; 5000               ;
; Number of Inverted Registers Reported in Synthesis Report                  ; 100                ; 100                ;
; Clock MUX Protection                                                       ; On                 ; On                 ;
; Auto Gated Clock Conversion                                                ; Off                ; Off                ;
; Block Design Naming                                                        ; Auto               ; Auto               ;
; SDC constraint protection                                                  ; Off                ; Off                ;
; Synthesis Effort                                                           ; Auto               ; Auto               ;
; Shift Register Replacement - Allow Asynchronous Clear Signal               ; On                 ; On                 ;
; Pre-Mapping Resynthesis Optimization                                       ; Off                ; Off                ;
; Analysis & Synthesis Message Level                                         ; Medium             ; Medium             ;
; Disable Register Merging Across Hierarchies                                ; Auto               ; Auto               ;
; Resource Aware Inference For Block RAM                                     ; On                 ; On                 ;
; Synthesis Seed                                                             ; 1                  ; 1                  ;
+----------------------------------------------------------------------------+--------------------+--------------------+


Parallel compilation was disabled, but you have multiple processors available. Enable parallel compilation to reduce compilation time.
+-------------------------------------+
; Parallel Compilation                ;
+----------------------------+--------+
; Processors                 ; Number ;
+----------------------------+--------+
; Number detected on machine ; 4      ;
; Maximum allowed            ; 1      ;
+----------------------------+--------+


+------------------------------------------------------------------------------------------------------------------------------------+
; Analysis & Synthesis Source Files Read                                                                                             ;
+----------------------------------+-----------------+------------------------+--------------------------------------------+---------+
; File Name with User-Entered Path ; Used in Netlist ; File Type              ; File Name with Absolute Path               ; Library ;
+----------------------------------+-----------------+------------------------+--------------------------------------------+---------+
; cpu.v                            ; yes             ; User Verilog HDL File  ; C:/Users/user/Desktop/cpu/cpu.v            ;         ;
; decoder.v                        ; yes             ; User Verilog HDL File  ; C:/Users/user/Desktop/cpu/decoder.v        ;         ;
; adder.v                          ; yes             ; User Verilog HDL File  ; C:/Users/user/Desktop/cpu/adder.v          ;         ;
; memory.v                         ; yes             ; User Verilog HDL File  ; C:/Users/user/Desktop/cpu/memory.v         ;         ;
; ALU.v                            ; yes             ; User Verilog HDL File  ; C:/Users/user/Desktop/cpu/ALU.v            ;         ;
; register_file.v                  ; yes             ; User Verilog HDL File  ; C:/Users/user/Desktop/cpu/register_file.v  ;         ;
; barrel_rotator.v                 ; yes             ; User Verilog HDL File  ; C:/Users/user/Desktop/cpu/barrel_rotator.v ;         ;
; barrel_shifter.v                 ; yes             ; User Verilog HDL File  ; C:/Users/user/Desktop/cpu/barrel_shifter.v ;         ;
; shift_right.v                    ; yes             ; User Verilog HDL File  ; C:/Users/user/Desktop/cpu/shift_right.v    ;         ;
+----------------------------------+-----------------+------------------------+--------------------------------------------+---------+


+---------------------------------------------+
; Analysis & Synthesis Resource Usage Summary ;
+--------------------------+------------------+
; Resource                 ; Usage            ;
+--------------------------+------------------+
; I/O pins                 ; 2                ;
; DSP block 9-bit elements ; 0                ;
; Maximum fan-out node     ; clk              ;
; Maximum fan-out          ; 1                ;
; Total fan-out            ; 2                ;
; Average fan-out          ; 0.50             ;
+--------------------------+------------------+


+-----------------------------------------------------------------------------------------------------------------------------------------------------------------------------------------+
; Analysis & Synthesis Resource Utilization by Entity                                                                                                                                     ;
+----------------------------+-------------------+--------------+-------------+--------------+---------+-----------+-----------+------+--------------+---------------------+--------------+
; Compilation Hierarchy Node ; LC Combinationals ; LC Registers ; Memory Bits ; DSP Elements ; DSP 9x9 ; DSP 18x18 ; DSP 36x36 ; Pins ; Virtual Pins ; Full Hierarchy Name ; Library Name ;
+----------------------------+-------------------+--------------+-------------+--------------+---------+-----------+-----------+------+--------------+---------------------+--------------+
; |cpu                       ; 0 (0)             ; 0 (0)        ; 0           ; 0            ; 0       ; 0         ; 0         ; 2    ; 0            ; |cpu                ; work         ;
+----------------------------+-------------------+--------------+-------------+--------------+---------+-----------+-----------+------+--------------+---------------------+--------------+
Note: For table entries with two numbers listed, the numbers in parentheses indicate the number of resources of the given type used by the specific entity alone. The numbers listed outside of parentheses indicate the total resources of the given type used by the specific entity and all of its sub-entities in the hierarchy.


+------------------------------------------------------+
; General Register Statistics                          ;
+----------------------------------------------+-------+
; Statistic                                    ; Value ;
+----------------------------------------------+-------+
; Total registers                              ; 0     ;
; Number of registers using Synchronous Clear  ; 0     ;
; Number of registers using Synchronous Load   ; 0     ;
; Number of registers using Asynchronous Clear ; 0     ;
; Number of registers using Asynchronous Load  ; 0     ;
; Number of registers using Clock Enable       ; 0     ;
; Number of registers using Preset             ; 0     ;
+----------------------------------------------+-------+


+----------------------------------------------------------------------------------------------------------------+
; Port Connectivity Checks: "ALU:ialu"                                                                           ;
+------+--------+----------+-------------------------------------------------------------------------------------+
; Port ; Type   ; Severity ; Details                                                                             ;
+------+--------+----------+-------------------------------------------------------------------------------------+
; cc   ; Output ; Info     ; Connected to dangling logic. Logic that only feeds a dangling port will be removed. ;
+------+--------+----------+-------------------------------------------------------------------------------------+


+-----------------------------------------------------------------------------------------------------------------+
; Port Connectivity Checks: "decoder:idec"                                                                        ;
+-------+--------+----------+-------------------------------------------------------------------------------------+
; Port  ; Type   ; Severity ; Details                                                                             ;
+-------+--------+----------+-------------------------------------------------------------------------------------+
; setcc ; Output ; Info     ; Connected to dangling logic. Logic that only feeds a dangling port will be removed. ;
+-------+--------+----------+-------------------------------------------------------------------------------------+


+-------------------------------------------+
; Port Connectivity Checks: "memory:imem"   ;
+---------+-------+----------+--------------+
; Port    ; Type  ; Severity ; Details      ;
+---------+-------+----------+--------------+
; op      ; Input ; Info     ; Stuck at VCC ;
; addr[0] ; Input ; Info     ; Stuck at GND ;
+---------+-------+----------+--------------+


+-------------------------------+
; Elapsed Time Per Partition    ;
+----------------+--------------+
; Partition Name ; Elapsed Time ;
+----------------+--------------+
; Top            ; 00:00:01     ;
+----------------+--------------+


+-------------------------------+
; Analysis & Synthesis Messages ;
+-------------------------------+
Info: *******************************************************************
Info: Running Quartus II 64-Bit Analysis & Synthesis
    Info: Version 13.1.0 Build 162 10/23/2013 SJ Web Edition
    Info: Processing started: Sun Dec 27 19:23:09 2020
Info: Command: quartus_map --read_settings_files=on --write_settings_files=off cpu -c cpu
Warning (20028): Parallel compilation is not licensed and has been disabled
Info (12021): Found 1 design units, including 1 entities, in source file cpu.v
    Info (12023): Found entity 1: cpu
Info (12021): Found 1 design units, including 1 entities, in source file decoder.v
    Info (12023): Found entity 1: decoder
Info (12021): Found 4 design units, including 4 entities, in source file adder.v
    Info (12023): Found entity 1: adder
    Info (12023): Found entity 2: input_cell
    Info (12023): Found entity 3: black_cell
    Info (12023): Found entity 4: carry_eval_cell
Info (12021): Found 1 design units, including 1 entities, in source file memory.v
    Info (12023): Found entity 1: memory
Info (12021): Found 1 design units, including 1 entities, in source file alu.v
    Info (12023): Found entity 1: ALU
Info (12021): Found 1 design units, including 1 entities, in source file cpu_tb.v
    Info (12023): Found entity 1: cpu_tb
Info (12021): Found 1 design units, including 1 entities, in source file register_file.v
    Info (12023): Found entity 1: register_file
Info (12021): Found 1 design units, including 1 entities, in source file barrel_rotator.v
    Info (12023): Found entity 1: barrel_rotator
Info (12021): Found 1 design units, including 1 entities, in source file barrel_shifter.v
    Info (12023): Found entity 1: barrel_shifter
Info (12021): Found 1 design units, including 1 entities, in source file shift_right.v
    Info (12023): Found entity 1: shift_right
Info (12127): Elaborating entity "cpu" for the top level hierarchy
Warning (10036): Verilog HDL or VHDL warning at cpu.v(11): object "NZCV" assigned a value but never read
Warning (10230): Verilog HDL assignment warning at cpu.v(29): truncated value with size 32 to match size of target (16)
Warning (10240): Verilog HDL Always Construct warning at cpu.v(27): inferring latch(es) for variable "pc", which holds its previous value in one or more paths through the always construct
Info (10041): Inferred latch for "pc[0]" at cpu.v(27)
Info (12128): Elaborating entity "memory" for hierarchy "memory:imem"
Warning (10858): Verilog HDL warning at memory.v(8): object mem used but never assigned
Info (12128): Elaborating entity "decoder" for hierarchy "decoder:idec"
Warning (10235): Verilog HDL Always Construct warning at decoder.v(72): variable "opcode" is read inside the Always Construct but isn't in the Always Construct's Event Control
Warning (10270): Verilog HDL Case Statement warning at decoder.v(72): incomplete case statement has no default case item
Warning (10240): Verilog HDL Always Construct warning at decoder.v(71): inferring latch(es) for variable "unary", which holds its previous value in one or more paths through the always construct
Warning (10240): Verilog HDL Always Construct warning at decoder.v(71): inferring latch(es) for variable "sgned", which holds its previous value in one or more paths through the always construct
Warning (10240): Verilog HDL Always Construct warning at decoder.v(71): inferring latch(es) for variable "imode", which holds its previous value in one or more paths through the always construct
Warning (10240): Verilog HDL Always Construct warning at decoder.v(71): inferring latch(es) for variable "aluop", which holds its previous value in one or more paths through the always construct
Warning (10240): Verilog HDL Always Construct warning at decoder.v(71): inferring latch(es) for variable "setcc", which holds its previous value in one or more paths through the always construct
Warning (10240): Verilog HDL Always Construct warning at decoder.v(71): inferring latch(es) for variable "rD", which holds its previous value in one or more paths through the always construct
Warning (10240): Verilog HDL Always Construct warning at decoder.v(71): inferring latch(es) for variable "rA", which holds its previous value in one or more paths through the always construct
Warning (10240): Verilog HDL Always Construct warning at decoder.v(71): inferring latch(es) for variable "rB", which holds its previous value in one or more paths through the always construct
Warning (10240): Verilog HDL Always Construct warning at decoder.v(71): inferring latch(es) for variable "imm", which holds its previous value in one or more paths through the always construct
Warning (10240): Verilog HDL Always Construct warning at decoder.v(71): inferring latch(es) for variable "wben", which holds its previous value in one or more paths through the always construct
Info (10041): Inferred latch for "wben" at decoder.v(71)
Info (10041): Inferred latch for "imm[0]" at decoder.v(71)
Info (10041): Inferred latch for "imm[1]" at decoder.v(71)
Info (10041): Inferred latch for "imm[2]" at decoder.v(71)
Info (10041): Inferred latch for "imm[3]" at decoder.v(71)
Info (10041): Inferred latch for "rB[0]" at decoder.v(71)
Info (10041): Inferred latch for "rB[1]" at decoder.v(71)
Info (10041): Inferred latch for "rB[2]" at decoder.v(71)
Info (10041): Inferred latch for "rA[0]" at decoder.v(71)
Info (10041): Inferred latch for "rA[1]" at decoder.v(71)
Info (10041): Inferred latch for "rA[2]" at decoder.v(71)
Info (10041): Inferred latch for "rD[0]" at decoder.v(71)
Info (10041): Inferred latch for "rD[1]" at decoder.v(71)
Info (10041): Inferred latch for "rD[2]" at decoder.v(71)
Info (10041): Inferred latch for "setcc" at decoder.v(71)
Info (10041): Inferred latch for "aluop[0]" at decoder.v(71)
Info (10041): Inferred latch for "aluop[1]" at decoder.v(71)
Info (10041): Inferred latch for "aluop[2]" at decoder.v(71)
Info (10041): Inferred latch for "aluop[3]" at decoder.v(71)
Info (10041): Inferred latch for "imode" at decoder.v(71)
Info (10041): Inferred latch for "sgned" at decoder.v(71)
Info (10041): Inferred latch for "unary" at decoder.v(71)
Info (12128): Elaborating entity "register_file" for hierarchy "register_file:ireg_file"
Info (12128): Elaborating entity "ALU" for hierarchy "ALU:ialu"
Warning (10858): Verilog HDL warning at ALU.v(13): object multiply used but never assigned
Warning (10230): Verilog HDL assignment warning at ALU.v(29): truncated value with size 32 to match size of target (1)
Warning (10030): Net "multiply" at ALU.v(13) has no driver or initial value, using a default initial value '0'
Info (12128): Elaborating entity "barrel_shifter" for hierarchy "ALU:ialu|barrel_shifter:myShifter"
Info (12128): Elaborating entity "adder" for hierarchy "ALU:ialu|adder:myAdder"
Info (12128): Elaborating entity "input_cell" for hierarchy "ALU:ialu|adder:myAdder|input_cell:level_Z0"
Info (12128): Elaborating entity "black_cell" for hierarchy "ALU:ialu|adder:myAdder|black_cell:level_1A"
Info (12128): Elaborating entity "carry_eval_cell" for hierarchy "ALU:ialu|adder:myAdder|carry_eval_cell:carry_1"
Info (12128): Elaborating entity "shift_right" for hierarchy "ALU:ialu|shift_right:right_shift"
Info (12128): Elaborating entity "barrel_rotator" for hierarchy "ALU:ialu|barrel_rotator:myRotator"
Info (144001): Generated suppressed messages file C:/Users/user/Desktop/cpu/output_files/cpu.map.smsg
Info (16010): Generating hard_block partition "hard_block:auto_generated_inst"
    Info (16011): Adding 0 node(s), including 0 DDIO, 0 PLL, 0 transceiver and 0 LCELL
Warning (21074): Design contains 2 input pin(s) that do not drive logic
    Warning (15610): No output dependent on input pin "clk"
    Warning (15610): No output dependent on input pin "nRESET"
Info (21057): Implemented 2 device resources after synthesis - the final resource count might be different
    Info (21058): Implemented 2 input pins
    Info (21059): Implemented 0 output pins
Info: Quartus II 64-Bit Analysis & Synthesis was successful. 0 errors, 23 warnings
    Info: Peak virtual memory: 4675 megabytes
    Info: Processing ended: Sun Dec 27 19:23:18 2020
    Info: Elapsed time: 00:00:09
    Info: Total CPU time (on all processors): 00:00:05


+------------------------------------------+
; Analysis & Synthesis Suppressed Messages ;
+------------------------------------------+
The suppressed messages can be found in C:/Users/user/Desktop/cpu/output_files/cpu.map.smsg.


